Info: ilivalidator-1.11.1-3a0d49f7bb50f812cf89f80d52830ffd69bc1700
Info: ili2c-5.0.2-20190906
Info: iox-ili-1.20.13-0e35e7a59192f24b5deaf800127552d05ea64efb
Info: maxMemory 3593728 KB
Info: dataFile </home/mkuhn/Nextcloud/projects/planteam.ch/horw_wasser/horw_abw.XTF>
Info: pluginFolder </home/mkuhn/app/plugins>
Info: ilidirs <%ITF_DIR;http://models.interlis.ch/;%JAR_DIR/ilimodels>
Info: lookup model <SIA405_ABWASSER_2015_LV95> in repository </home/mkuhn/Nextcloud/projects/planteam.ch/horw_wasser/>
Info: lookup model <SIA405_Base_LV95> 2.3 in repository </home/mkuhn/Nextcloud/projects/planteam.ch/horw_wasser/>
Info: lookup model <SIA405_Base_LV95> 2.3 in repository <http://models.interlis.ch/>
Info: lookup model <Units> 2.3 in repository </home/mkuhn/Nextcloud/projects/planteam.ch/horw_wasser/>
Info: lookup model <Units> 2.3 in repository <http://models.interlis.ch/>
Info: lookup model <Base_LV95> 2.3 in repository </home/mkuhn/Nextcloud/projects/planteam.ch/horw_wasser/>
Info: lookup model <Base_LV95> 2.3 in repository <http://models.interlis.ch/>
Info: ilifile </home/mkuhn/.ilicache/models.interlis.ch/refhb23/Units-20120220.ili>
Info: ilifile </home/mkuhn/.ilicache/models.interlis.ch/SIA405/Base_d-20140418.ili>
Info: ilifile </home/mkuhn/.ilicache/models.interlis.ch/SIA405/SIA405_Base_d-20140618.ili>
Info: ilifile </home/mkuhn/Nextcloud/projects/planteam.ch/horw_wasser/SIA405_Abwasser_2015_LV95.ili>
Info: validate data...
Info: assume unknown external objects
Info: first validation pass...
Error: line 557242: SIA405_ABWASSER_2015_LV95.SIA405_Abwasser.Normschacht: tid ch18zjx8000003y0: OID ch18zjx8000003y0 of object SIA405_ABWASSER_2015_LV95.SIA405_Abwasser.Normschacht already exists in CLASS SIA405_ABWASSER_2015_LV95.SIA405_Abwasser.Kanal.
Error: line 851511: SIA405_ABWASSER_2015_LV95.SIA405_Abwasser.Normschacht: tid ch18zjx800001hl3: OID ch18zjx800001hl3 of object SIA405_ABWASSER_2015_LV95.SIA405_Abwasser.Normschacht already exists in CLASS SIA405_ABWASSER_2015_LV95.SIA405_Abwasser.Kanal.
Error: line 851526: SIA405_ABWASSER_2015_LV95.SIA405_Abwasser.Normschacht: tid ch18zjx800001hl6: OID ch18zjx800001hl6 of object SIA405_ABWASSER_2015_LV95.SIA405_Abwasser.Normschacht already exists in CLASS SIA405_ABWASSER_2015_LV95.SIA405_Abwasser.Kanal.
Warning: line 893935: SIA405_ABWASSER_2015_LV95.SIA405_Abwasser.Spezialbauwerk: tid ch18zjx8000037bc: arc is straight at (2666104.14, 1206902.381, NaN)
Info: second validation pass...
Info: validate unique constraint SIA405_Base_LV95.SIA405_BaseClass.Constraint1...
Info: validate multiplicity of role SIA405_ABWASSER_2015_LV95.SIA405_Abwasser.Organisation_Teil_vonAssoc.Organisation_Teil_vonAssocRef...
Info: validate multiplicity of role SIA405_ABWASSER_2015_LV95.SIA405_Abwasser.Abwasserbauwerk_BetreiberAssoc.Abwasserbauwerk_BetreiberAssocRef...
Info: validate multiplicity of role SIA405_ABWASSER_2015_LV95.SIA405_Abwasser.Abwasserbauwerk_EigentuemerAssoc.Abwasserbauwerk_EigentuemerAssocRef...
Info: validate multiplicity of role SIA405_ABWASSER_2015_LV95.SIA405_Abwasser.Organisation_Teil_vonAssoc.Teil_vonRef...
Info: validate multiplicity of role SIA405_ABWASSER_2015_LV95.SIA405_Abwasser.Haltung_RohrprofilAssoc.Haltung_RohrprofilAssocRef...
Info: validate target of role SIA405_ABWASSER_2015_LV95.SIA405_Abwasser.Abwasserbauwerk_BetreiberAssoc.BetreiberRef...
Info: validate target of role SIA405_ABWASSER_2015_LV95.SIA405_Abwasser.Abwasserbauwerk_EigentuemerAssoc.EigentuemerRef...
Info: validate multiplicity of role SIA405_ABWASSER_2015_LV95.SIA405_Abwasser.Abwasserbauwerk_SymbolAssoc.Symbol...
Info: validate multiplicity of role SIA405_ABWASSER_2015_LV95.SIA405_Abwasser.Abwasserbauwerk_EigentuemerAssoc.EigentuemerRef...
Info: validate multiplicity of role SIA405_ABWASSER_2015_LV95.SIA405_Abwasser.Abwasserbauwerk_TextAssoc.Text...
Info: validate multiplicity of role SIA405_ABWASSER_2015_LV95.SIA405_Abwasser.BauwerksTeil_AbwasserbauwerkAssoc.BauwerksTeil_AbwasserbauwerkAssocRef...
Info: validate multiplicity of role SIA405_ABWASSER_2015_LV95.SIA405_Abwasser.Abwasserbauwerk_BetreiberAssoc.BetreiberRef...
Info: validate multiplicity of role SIA405_ABWASSER_2015_LV95.SIA405_Abwasser.Abwassernetzelement_AbwasserbauwerkAssoc.Abwassernetzelement_AbwasserbauwerkAssocRef...
Error: line 139305: SIA405_ABWASSER_2015_LV95.SIA405_Abwasser.Kanal: tid ch18zjx8000003y0: EigentuemerRef should associate 0 to 1 target objects (instead of 2)
Error: line 139305: SIA405_ABWASSER_2015_LV95.SIA405_Abwasser.Kanal: tid ch18zjx8000003y0: BetreiberRef should associate 0 to 1 target objects (instead of 2)
Error: line 139321: SIA405_ABWASSER_2015_LV95.SIA405_Abwasser.Kanal: tid ch18zjx800001hl3: EigentuemerRef should associate 0 to 1 target objects (instead of 2)
Error: line 139321: SIA405_ABWASSER_2015_LV95.SIA405_Abwasser.Kanal: tid ch18zjx800001hl3: BetreiberRef should associate 0 to 1 target objects (instead of 2)
Error: line 139338: SIA405_ABWASSER_2015_LV95.SIA405_Abwasser.Kanal: tid ch18zjx800001hl6: EigentuemerRef should associate 0 to 1 target objects (instead of 2)
Error: line 139338: SIA405_ABWASSER_2015_LV95.SIA405_Abwasser.Kanal: tid ch18zjx800001hl6: BetreiberRef should associate 0 to 1 target objects (instead of 2)
Info: validate target of role SIA405_ABWASSER_2015_LV95.SIA405_Abwasser.Abwassernetzelement_AbwasserbauwerkAssoc.AbwasserbauwerkRef...
Info: validate multiplicity of role SIA405_ABWASSER_2015_LV95.SIA405_Abwasser.Abwassernetzelement_AbwasserbauwerkAssoc.AbwasserbauwerkRef...
Info: validate multiplicity of role SIA405_ABWASSER_2015_LV95.SIA405_Abwasser.Haltungspunkt_AbwassernetzelementAssoc.Haltungspunkt_AbwassernetzelementAssocRef...
Info: validate target of role SIA405_ABWASSER_2015_LV95.SIA405_Abwasser.Abwasserbauwerk_TextAssoc.AbwasserbauwerkRef...
Info: validate multiplicity of role SIA405_ABWASSER_2015_LV95.SIA405_Abwasser.Abwasserbauwerk_TextAssoc.AbwasserbauwerkRef...
Info: validate target of role SIA405_ABWASSER_2015_LV95.SIA405_Abwasser.BauwerksTeil_AbwasserbauwerkAssoc.AbwasserbauwerkRef...
Info: validate multiplicity of role SIA405_ABWASSER_2015_LV95.SIA405_Abwasser.BauwerksTeil_AbwasserbauwerkAssoc.AbwasserbauwerkRef...
Error: line 2765267: SIA405_ABWASSER_2015_LV95.SIA405_Abwasser.Deckel: tid ch18zjx800005ehp: AbwasserbauwerkRef should associate 1 to 1 target objects (instead of 0)
Error: line 2771736: SIA405_ABWASSER_2015_LV95.SIA405_Abwasser.Deckel: tid ch18zjx800005ff0: AbwasserbauwerkRef should associate 1 to 1 target objects (instead of 0)
Error: line 2773450: SIA405_ABWASSER_2015_LV95.SIA405_Abwasser.Deckel: tid ch18zjx800005fo3: AbwasserbauwerkRef should associate 1 to 1 target objects (instead of 0)
Error: line 2778309: SIA405_ABWASSER_2015_LV95.SIA405_Abwasser.Deckel: tid ch18zjx800005gdx: AbwasserbauwerkRef should associate 1 to 1 target objects (instead of 0)
Error: line 2781078: SIA405_ABWASSER_2015_LV95.SIA405_Abwasser.Deckel: tid ch18zjx800005gs6: AbwasserbauwerkRef should associate 1 to 1 target objects (instead of 0)
Info: validate target of role SIA405_ABWASSER_2015_LV95.SIA405_Abwasser.Haltung_RohrprofilAssoc.RohrprofilRef...
Info: validate target of role SIA405_ABWASSER_2015_LV95.SIA405_Abwasser.Haltung_nachHaltungspunktAssoc.nachHaltungspunktRef...
Info: validate target of role SIA405_ABWASSER_2015_LV95.SIA405_Abwasser.Haltung_vonHaltungspunktAssoc.vonHaltungspunktRef...
Info: validate multiplicity of role SIA405_ABWASSER_2015_LV95.SIA405_Abwasser.Haltung_AlternativVerlaufAssoc.Alternativverlauf...
Info: validate multiplicity of role SIA405_ABWASSER_2015_LV95.SIA405_Abwasser.Haltung_nachHaltungspunktAssoc.nachHaltungspunktRef...
Info: validate multiplicity of role SIA405_ABWASSER_2015_LV95.SIA405_Abwasser.Haltung_RohrprofilAssoc.RohrprofilRef...
Info: validate multiplicity of role SIA405_ABWASSER_2015_LV95.SIA405_Abwasser.Haltung_TextAssoc.Text...
Info: validate multiplicity of role SIA405_ABWASSER_2015_LV95.SIA405_Abwasser.Haltung_vonHaltungspunktAssoc.vonHaltungspunktRef...
Info: validate target of role SIA405_ABWASSER_2015_LV95.SIA405_Abwasser.Haltungspunkt_AbwassernetzelementAssoc.AbwassernetzelementRef...
Info: validate multiplicity of role SIA405_ABWASSER_2015_LV95.SIA405_Abwasser.Haltung_vonHaltungspunktAssoc.Haltung_vonHaltungspunktAssocRef...
Info: validate multiplicity of role SIA405_ABWASSER_2015_LV95.SIA405_Abwasser.Haltung_nachHaltungspunktAssoc.Haltung_nachHaltungspunktAssocRef...
Info: validate multiplicity of role SIA405_ABWASSER_2015_LV95.SIA405_Abwasser.Haltungspunkt_AbwassernetzelementAssoc.AbwassernetzelementRef...
Info: validate target of role SIA405_ABWASSER_2015_LV95.SIA405_Abwasser.Haltung_TextAssoc.HaltungRef...
Info: validate multiplicity of role SIA405_ABWASSER_2015_LV95.SIA405_Abwasser.Haltung_TextAssoc.HaltungRef...
Info: /home/mkuhn/Nextcloud/projects/planteam.ch/horw_wasser/horw_abw.XTF: SIA405_ABWASSER_2015_LV95.SIA405_Abwasser BID=2019-10-20-0000
Info:   13970 objects in CLASS SIA405_ABWASSER_2015_LV95.SIA405_Abwasser.Abwasserbauwerk_Text
Info:   25615 objects in CLASS SIA405_ABWASSER_2015_LV95.SIA405_Abwasser.Abwasserknoten
Info:   25411 objects in CLASS SIA405_ABWASSER_2015_LV95.SIA405_Abwasser.Deckel
Info:      45 objects in CLASS SIA405_ABWASSER_2015_LV95.SIA405_Abwasser.Einleitstelle
Info:       3 objects in CLASS SIA405_ABWASSER_2015_LV95.SIA405_Abwasser.Einstiegshilfe
Info:   24873 objects in CLASS SIA405_ABWASSER_2015_LV95.SIA405_Abwasser.Haltung
Info:    9191 objects in CLASS SIA405_ABWASSER_2015_LV95.SIA405_Abwasser.Haltung_Text
Info:   49758 objects in CLASS SIA405_ABWASSER_2015_LV95.SIA405_Abwasser.Haltungspunkt
Info:   24927 objects in CLASS SIA405_ABWASSER_2015_LV95.SIA405_Abwasser.Kanal
Info:   25432 objects in CLASS SIA405_ABWASSER_2015_LV95.SIA405_Abwasser.Normschacht
Info:      10 objects in CLASS SIA405_ABWASSER_2015_LV95.SIA405_Abwasser.Organisation
Info:      31 objects in CLASS SIA405_ABWASSER_2015_LV95.SIA405_Abwasser.Rohrprofil
Info:     131 objects in CLASS SIA405_ABWASSER_2015_LV95.SIA405_Abwasser.Spezialbauwerk
Info:      14 objects in CLASS SIA405_ABWASSER_2015_LV95.SIA405_Abwasser.Versickerungsanlage
Info: ...validation failed
